Base path: C:/Program Files/Unity/Hub/Editor/2018.4.19f1/Editor/Data
Cmd: initializeCompiler
Cmd: compileComputeKernel
  api=4 insize=7960 outsize=1581 ok=1
Cmd: compileComputeKernel
  api=4 insize=68835 outsize=6057 ok=1
Cmd: compileComputeKernel
  api=4 insize=9919 outsize=1905 ok=1
Cmd: compileComputeKernel
  api=4 insize=9919 outsize=1937 ok=1
Cmd: compileComputeKernel
  api=4 insize=45671 outsize=3593 ok=1
Cmd: compileComputeKernel
  api=4 insize=7959 outsize=2805 ok=1
Cmd: compileComputeKernel
  api=4 insize=49356 outsize=2085 ok=1
Cmd: compileComputeKernel
  api=4 insize=49356 outsize=1289 ok=1
Cmd: compileComputeKernel
  api=4 insize=49356 outsize=1685 ok=1
Cmd: compileComputeKernel
  api=4 insize=49356 outsize=1885 ok=1
Cmd: compileComputeKernel
  api=4 insize=49356 outsize=1393 ok=1
Cmd: compileComputeKernel
  api=4 insize=49356 outsize=1905 ok=1
Cmd: compileComputeKernel
  api=4 insize=49356 outsize=2085 ok=1
Cmd: compileComputeKernel
  api=4 insize=49356 outsize=1397 ok=1
Cmd: compileComputeKernel
  api=4 insize=49356 outsize=2445 ok=1
Cmd: compileComputeKernel
  api=4 insize=29386 outsize=681 ok=1
Cmd: compileComputeKernel
  api=4 insize=29386 outsize=813 ok=1
Cmd: compileComputeKernel
  api=4 insize=29386 outsize=785 ok=1
Cmd: compileComputeKernel
  api=4 insize=29386 outsize=757 ok=1
Cmd: compileComputeKernel
  api=4 insize=29386 outsize=1325 ok=1
Cmd: compileComputeKernel
  api=4 insize=29386 outsize=1461 ok=1
Cmd: compileComputeKernel
  api=4 insize=29386 outsize=1321 ok=1
Cmd: compileComputeKernel
  api=4 insize=29386 outsize=1301 ok=1
Cmd: compileComputeKernel
  api=4 insize=29386 outsize=1333 ok=1
Cmd: initializeCompiler
Cmd: initializeCompiler
Cmd: initializeCompiler
Cmd: initializeCompiler
Cmd: initializeCompiler
Cmd: initializeCompiler
Cmd: initializeCompiler
Cmd: initializeCompiler
Cmd: initializeCompiler
Cmd: initializeCompiler
Cmd: initializeCompiler
Cmd: initializeCompiler
Cmd: initializeCompiler
Cmd: initializeCompiler
Cmd: initializeCompiler
Cmd: initializeCompiler
Cmd: initializeCompiler
Cmd: initializeCompiler
Cmd: initializeCompiler
Cmd: initializeCompiler
Cmd: initializeCompiler
Cmd: initializeCompiler
Cmd: initializeCompiler
Cmd: initializeCompiler
Cmd: initializeCompiler
Cmd: initializeCompiler
Cmd: initializeCompiler
Cmd: initializeCompiler
Cmd: initializeCompiler
Cmd: initializeCompiler
Cmd: initializeCompiler
Cmd: initializeCompiler
Cmd: initializeCompiler
Cmd: initializeCompiler
Cmd: initializeCompiler
Cmd: initializeCompiler
Cmd: initializeCompiler
Cmd: initializeCompiler
Cmd: initializeCompiler
Cmd: initializeCompiler
Cmd: initializeCompiler
Cmd: initializeCompiler
Cmd: initializeCompiler
Cmd: initializeCompiler
Cmd: initializeCompiler
Cmd: initializeCompiler
Cmd: initializeCompiler
Cmd: initializeCompiler
Cmd: initializeCompiler
Cmd: initializeCompiler
Cmd: initializeCompiler
Cmd: initializeCompiler
Cmd: initializeCompiler
Cmd: initializeCompiler
Cmd: initializeCompiler
Cmd: initializeCompiler
Cmd: initializeCompiler
Cmd: initializeCompiler
Cmd: initializeCompiler
Cmd: initializeCompiler
Cmd: initializeCompiler
Cmd: initializeCompiler
Cmd: initializeCompiler
Cmd: initializeCompiler
Cmd: initializeCompiler
Cmd: initializeCompiler
Cmd: initializeCompiler
Cmd: initializeCompiler
Cmd: initializeCompiler
Cmd: initializeCompiler
Cmd: initializeCompiler
Cmd: initializeCompiler
Cmd: initializeCompiler
Cmd: initializeCompiler
Cmd: initializeCompiler
Cmd: initializeCompiler
Cmd: initializeCompiler
Cmd: initializeCompiler
Cmd: initializeCompiler
Cmd: initializeCompiler
Cmd: initializeCompiler
Cmd: initializeCompiler
Cmd: initializeCompiler
Cmd: initializeCompiler
Cmd: initializeCompiler
Cmd: initializeCompiler
Cmd: initializeCompiler
Cmd: initializeCompiler
Cmd: initializeCompiler
Cmd: initializeCompiler
Cmd: initializeCompiler
Cmd: initializeCompiler
Cmd: initializeCompiler
Unhandled exception: Protocol error - unexpected end of data (did the Editor crash?)

Quitting shader compiler process
