Base path: C:/Program Files/Unity/Hub/Editor/2018.4.19f1/Editor/Data
Cmd: initializeCompiler
Cmd: compileComputeKernel
  api=4 insize=7960 outsize=1049 ok=1
Cmd: compileComputeKernel
  api=4 insize=68835 outsize=7505 ok=1
Cmd: compileComputeKernel
  api=4 insize=9919 outsize=1905 ok=1
Cmd: compileComputeKernel
  api=4 insize=45671 outsize=9545 ok=1
Cmd: compileComputeKernel
  api=4 insize=7959 outsize=1433 ok=1
Cmd: compileComputeKernel
  api=4 insize=49356 outsize=1593 ok=1
Cmd: compileComputeKernel
  api=4 insize=49356 outsize=2037 ok=1
Cmd: compileComputeKernel
  api=4 insize=49356 outsize=1313 ok=1
Cmd: compileComputeKernel
  api=4 insize=49356 outsize=1285 ok=1
Cmd: compileComputeKernel
  api=4 insize=49356 outsize=1905 ok=1
Cmd: compileComputeKernel
  api=4 insize=49356 outsize=1945 ok=1
Cmd: compileComputeKernel
  api=4 insize=49356 outsize=1345 ok=1
Cmd: compileComputeKernel
  api=4 insize=49356 outsize=3005 ok=1
Cmd: compileComputeKernel
  api=4 insize=29386 outsize=685 ok=1
Cmd: compileComputeKernel
  api=4 insize=29386 outsize=717 ok=1
Cmd: compileComputeKernel
  api=4 insize=29386 outsize=1045 ok=1
Cmd: compileComputeKernel
  api=4 insize=29386 outsize=673 ok=1
Cmd: compileComputeKernel
  api=4 insize=29386 outsize=765 ok=1
Cmd: compileComputeKernel
  api=4 insize=29386 outsize=789 ok=1
Cmd: compileComputeKernel
  api=4 insize=29386 outsize=1233 ok=1
Cmd: compileComputeKernel
  api=4 insize=29386 outsize=1553 ok=1
Cmd: compileComputeKernel
  api=4 insize=29386 outsize=1361 ok=1
Cmd: compileComputeKernel
  api=4 insize=29386 outsize=1313 ok=1
Cmd: compileComputeKernel
  api=4 insize=29386 outsize=1285 ok=1
Cmd: initializeCompiler
Cmd: initializeCompiler
Cmd: initializeCompiler
Cmd: initializeCompiler
Cmd: initializeCompiler
Cmd: initializeCompiler
Cmd: initializeCompiler
Cmd: initializeCompiler
Cmd: initializeCompiler
Cmd: initializeCompiler
Cmd: initializeCompiler
Cmd: initializeCompiler
Cmd: initializeCompiler
Cmd: initializeCompiler
Cmd: initializeCompiler
Cmd: initializeCompiler
Cmd: initializeCompiler
Cmd: initializeCompiler
Cmd: initializeCompiler
Cmd: initializeCompiler
Cmd: initializeCompiler
Cmd: initializeCompiler
Cmd: initializeCompiler
Cmd: initializeCompiler
Cmd: initializeCompiler
Cmd: initializeCompiler
Cmd: initializeCompiler
Cmd: initializeCompiler
Cmd: initializeCompiler
Cmd: initializeCompiler
Cmd: initializeCompiler
Cmd: initializeCompiler
Cmd: initializeCompiler
Cmd: initializeCompiler
Cmd: initializeCompiler
Cmd: initializeCompiler
Cmd: initializeCompiler
Cmd: initializeCompiler
Cmd: initializeCompiler
Cmd: initializeCompiler
Cmd: initializeCompiler
Cmd: initializeCompiler
Cmd: initializeCompiler
Cmd: initializeCompiler
Cmd: initializeCompiler
Cmd: initializeCompiler
Cmd: initializeCompiler
Cmd: initializeCompiler
Cmd: initializeCompiler
Cmd: initializeCompiler
Cmd: initializeCompiler
Cmd: initializeCompiler
Cmd: initializeCompiler
Cmd: initializeCompiler
Cmd: initializeCompiler
Cmd: initializeCompiler
Cmd: initializeCompiler
Cmd: initializeCompiler
Cmd: initializeCompiler
Cmd: initializeCompiler
Cmd: initializeCompiler
Cmd: initializeCompiler
Cmd: initializeCompiler
Cmd: initializeCompiler
Cmd: initializeCompiler
Cmd: initializeCompiler
Cmd: initializeCompiler
Cmd: initializeCompiler
Cmd: initializeCompiler
Cmd: initializeCompiler
Cmd: initializeCompiler
Cmd: initializeCompiler
Cmd: initializeCompiler
Cmd: initializeCompiler
Cmd: initializeCompiler
Cmd: initializeCompiler
Cmd: initializeCompiler
Cmd: initializeCompiler
Cmd: initializeCompiler
Cmd: initializeCompiler
Cmd: initializeCompiler
Cmd: initializeCompiler
Cmd: initializeCompiler
Cmd: initializeCompiler
Cmd: initializeCompiler
Cmd: initializeCompiler
Cmd: initializeCompiler
Cmd: initializeCompiler
Cmd: initializeCompiler
Cmd: initializeCompiler
Cmd: initializeCompiler
Cmd: initializeCompiler
Cmd: initializeCompiler
Unhandled exception: Protocol error - unexpected end of data (did the Editor crash?)

Quitting shader compiler process
