Base path: C:/Program Files/Unity/Hub/Editor/2018.4.19f1/Editor/Data
Cmd: initializeCompiler
Cmd: compileComputeKernel
  api=4 insize=7960 outsize=1537 ok=1
Cmd: compileComputeKernel
  api=4 insize=68835 outsize=3469 ok=1
Cmd: compileComputeKernel
  api=4 insize=9919 outsize=1905 ok=1
Cmd: compileComputeKernel
  api=4 insize=9919 outsize=2085 ok=1
Cmd: compileComputeKernel
  api=4 insize=45671 outsize=2933 ok=1
Cmd: compileComputeKernel
  api=4 insize=49356 outsize=1585 ok=1
Cmd: compileComputeKernel
  api=4 insize=49356 outsize=1433 ok=1
Cmd: compileComputeKernel
  api=4 insize=49356 outsize=1325 ok=1
Cmd: compileComputeKernel
  api=4 insize=49356 outsize=1385 ok=1
Cmd: compileComputeKernel
  api=4 insize=49356 outsize=1313 ok=1
Cmd: compileComputeKernel
  api=4 insize=49356 outsize=1905 ok=1
Cmd: compileComputeKernel
  api=4 insize=49356 outsize=1937 ok=1
Cmd: compileComputeKernel
  api=4 insize=49356 outsize=1345 ok=1
Cmd: compileComputeKernel
  api=4 insize=49356 outsize=1597 ok=1
Cmd: compileComputeKernel
  api=4 insize=29386 outsize=781 ok=1
Cmd: compileComputeKernel
  api=4 insize=29386 outsize=993 ok=1
Cmd: compileComputeKernel
  api=4 insize=29386 outsize=861 ok=1
Cmd: compileComputeKernel
  api=4 insize=29386 outsize=673 ok=1
Cmd: compileComputeKernel
  api=4 insize=29386 outsize=697 ok=1
Cmd: compileComputeKernel
  api=4 insize=29386 outsize=1273 ok=1
Cmd: compileComputeKernel
  api=4 insize=29386 outsize=1089 ok=1
Cmd: compileComputeKernel
  api=4 insize=29386 outsize=1501 ok=1
Cmd: compileComputeKernel
  api=4 insize=29386 outsize=1385 ok=1
Cmd: compileComputeKernel
  api=4 insize=29386 outsize=1365 ok=1
Cmd: compileComputeKernel
  api=4 insize=29386 outsize=1313 ok=1
Cmd: compileComputeKernel
  api=4 insize=29386 outsize=1349 ok=1
Cmd: compileComputeKernel
  api=4 insize=29386 outsize=1373 ok=1
Cmd: initializeCompiler
Cmd: initializeCompiler
Cmd: initializeCompiler
Cmd: initializeCompiler
Cmd: initializeCompiler
Cmd: initializeCompiler
Cmd: initializeCompiler
Cmd: initializeCompiler
Cmd: initializeCompiler
Cmd: initializeCompiler
Cmd: initializeCompiler
Cmd: initializeCompiler
Cmd: initializeCompiler
Cmd: initializeCompiler
Cmd: initializeCompiler
Cmd: initializeCompiler
Cmd: initializeCompiler
Cmd: initializeCompiler
Cmd: initializeCompiler
Cmd: initializeCompiler
Cmd: initializeCompiler
Cmd: initializeCompiler
Cmd: initializeCompiler
Cmd: initializeCompiler
Cmd: initializeCompiler
Cmd: initializeCompiler
Cmd: initializeCompiler
Cmd: initializeCompiler
Cmd: initializeCompiler
Cmd: initializeCompiler
Cmd: initializeCompiler
Cmd: initializeCompiler
Cmd: initializeCompiler
Cmd: initializeCompiler
Cmd: initializeCompiler
Cmd: initializeCompiler
Cmd: initializeCompiler
Cmd: initializeCompiler
Cmd: initializeCompiler
Cmd: initializeCompiler
Cmd: initializeCompiler
Cmd: initializeCompiler
Cmd: initializeCompiler
Cmd: initializeCompiler
Cmd: initializeCompiler
Cmd: initializeCompiler
Cmd: initializeCompiler
Cmd: initializeCompiler
Cmd: initializeCompiler
Cmd: initializeCompiler
Cmd: initializeCompiler
Cmd: initializeCompiler
Cmd: initializeCompiler
Cmd: initializeCompiler
Cmd: initializeCompiler
Cmd: initializeCompiler
Cmd: initializeCompiler
Cmd: initializeCompiler
Cmd: initializeCompiler
Cmd: initializeCompiler
Cmd: initializeCompiler
Cmd: initializeCompiler
Cmd: initializeCompiler
Cmd: initializeCompiler
Cmd: initializeCompiler
Cmd: initializeCompiler
Cmd: initializeCompiler
Cmd: initializeCompiler
Cmd: initializeCompiler
Cmd: initializeCompiler
Cmd: initializeCompiler
Cmd: initializeCompiler
Cmd: initializeCompiler
Cmd: initializeCompiler
Cmd: initializeCompiler
Cmd: initializeCompiler
Cmd: initializeCompiler
Cmd: initializeCompiler
Cmd: initializeCompiler
Cmd: initializeCompiler
Cmd: initializeCompiler
Cmd: initializeCompiler
Cmd: initializeCompiler
Cmd: initializeCompiler
Cmd: initializeCompiler
Cmd: initializeCompiler
Cmd: initializeCompiler
Cmd: initializeCompiler
Cmd: initializeCompiler
Cmd: initializeCompiler
Cmd: initializeCompiler
Cmd: initializeCompiler
Cmd: initializeCompiler
Unhandled exception: Protocol error - unexpected end of data (did the Editor crash?)

Quitting shader compiler process
