Base path: C:/Program Files/Unity/Hub/Editor/2018.4.19f1/Editor/Data
Cmd: initializeCompiler
Cmd: compileComputeKernel
  api=4 insize=7960 outsize=1149 ok=1
Cmd: compileComputeKernel
  api=4 insize=68835 outsize=5393 ok=1
Cmd: compileComputeKernel
  api=4 insize=9919 outsize=1905 ok=1
Cmd: compileComputeKernel
  api=4 insize=9919 outsize=1941 ok=1
Cmd: compileComputeKernel
  api=4 insize=45671 outsize=10737 ok=1
Cmd: compileComputeKernel
  api=4 insize=7959 outsize=1809 ok=1
Cmd: compileComputeKernel
  api=4 insize=49356 outsize=11193 ok=1
Cmd: compileComputeKernel
  api=4 insize=49356 outsize=1345 ok=1
Cmd: compileComputeKernel
  api=4 insize=49356 outsize=1681 ok=1
Cmd: compileComputeKernel
  api=4 insize=4103 outsize=1597 ok=1
Cmd: compileComputeKernel
  api=4 insize=29386 outsize=777 ok=1
Cmd: compileComputeKernel
  api=4 insize=29386 outsize=1089 ok=1
Cmd: compileComputeKernel
  api=4 insize=29386 outsize=873 ok=1
Cmd: compileComputeKernel
  api=4 insize=29386 outsize=853 ok=1
Cmd: compileComputeKernel
  api=4 insize=29386 outsize=801 ok=1
Cmd: compileComputeKernel
  api=4 insize=29386 outsize=817 ok=1
Cmd: compileComputeKernel
  api=4 insize=29386 outsize=1885 ok=1
Cmd: compileComputeKernel
  api=4 insize=29386 outsize=1445 ok=1
Cmd: compileComputeKernel
  api=4 insize=29386 outsize=1289 ok=1
Cmd: compileComputeKernel
  api=4 insize=29386 outsize=1225 ok=1
Cmd: initializeCompiler
Cmd: initializeCompiler
Cmd: initializeCompiler
Cmd: initializeCompiler
Cmd: initializeCompiler
Cmd: initializeCompiler
Cmd: initializeCompiler
Cmd: initializeCompiler
Cmd: initializeCompiler
Cmd: initializeCompiler
Cmd: initializeCompiler
Cmd: initializeCompiler
Cmd: initializeCompiler
Cmd: initializeCompiler
Cmd: initializeCompiler
Cmd: initializeCompiler
Cmd: initializeCompiler
Cmd: initializeCompiler
Cmd: initializeCompiler
Cmd: initializeCompiler
Cmd: initializeCompiler
Cmd: initializeCompiler
Cmd: initializeCompiler
Cmd: initializeCompiler
Cmd: initializeCompiler
Cmd: initializeCompiler
Cmd: initializeCompiler
Cmd: initializeCompiler
Cmd: initializeCompiler
Cmd: initializeCompiler
Cmd: initializeCompiler
Cmd: initializeCompiler
Cmd: initializeCompiler
Cmd: initializeCompiler
Cmd: initializeCompiler
Cmd: initializeCompiler
Cmd: initializeCompiler
Cmd: initializeCompiler
Cmd: initializeCompiler
Cmd: initializeCompiler
Cmd: initializeCompiler
Cmd: initializeCompiler
Cmd: initializeCompiler
Cmd: initializeCompiler
Cmd: initializeCompiler
Cmd: initializeCompiler
Cmd: initializeCompiler
Cmd: initializeCompiler
Cmd: initializeCompiler
Cmd: initializeCompiler
Cmd: initializeCompiler
Cmd: initializeCompiler
Cmd: initializeCompiler
Cmd: initializeCompiler
Cmd: initializeCompiler
Cmd: initializeCompiler
Cmd: initializeCompiler
Cmd: initializeCompiler
Cmd: initializeCompiler
Cmd: initializeCompiler
Cmd: initializeCompiler
Cmd: initializeCompiler
Cmd: initializeCompiler
Cmd: initializeCompiler
Cmd: initializeCompiler
Cmd: initializeCompiler
Cmd: initializeCompiler
Cmd: initializeCompiler
Cmd: initializeCompiler
Cmd: initializeCompiler
Cmd: initializeCompiler
Cmd: initializeCompiler
Cmd: initializeCompiler
Cmd: initializeCompiler
Cmd: initializeCompiler
Cmd: initializeCompiler
Cmd: initializeCompiler
Cmd: initializeCompiler
Cmd: initializeCompiler
Cmd: initializeCompiler
Cmd: initializeCompiler
Cmd: initializeCompiler
Cmd: initializeCompiler
Cmd: initializeCompiler
Cmd: initializeCompiler
Cmd: initializeCompiler
Cmd: initializeCompiler
Cmd: initializeCompiler
Cmd: initializeCompiler
Cmd: initializeCompiler
Cmd: initializeCompiler
Cmd: initializeCompiler
Cmd: initializeCompiler
Unhandled exception: Protocol error - unexpected end of data (did the Editor crash?)

Quitting shader compiler process
